<?xml version="1.0" encoding="UTF-8"?>
<testsuite name="com.dpit3.black.springboot.web.PostsApiContollerTest" tests="1" skipped="0" failures="0" errors="0" timestamp="2024-03-25T13:49:55" hostname="Blackui-MacBookPro-2.local" time="0.294">
  <properties/>
  <testcase name="Posts_등록된다" classname="com.dpit3.black.springboot.web.PostsApiContollerTest" time="0.294"/>
  <system-out><![CDATA[22:49:53.597 [Test worker] DEBUG org.springframework.test.context.junit4.SpringJUnit4ClassRunner - SpringJUnit4ClassRunner constructor called with [class com.dpit3.black.springboot.web.PostsApiContollerTest]
22:49:53.602 [Test worker] DEBUG org.springframework.test.context.BootstrapUtils - Instantiating CacheAwareContextLoaderDelegate from class [org.springframework.test.context.cache.DefaultCacheAwareContextLoaderDelegate]
22:49:53.605 [Test worker] DEBUG org.springframework.test.context.BootstrapUtils - Instantiating BootstrapContext using constructor [public org.springframework.test.context.support.DefaultBootstrapContext(java.lang.Class,org.springframework.test.context.CacheAwareContextLoaderDelegate)]
22:49:53.613 [Test worker] DEBUG org.springframework.test.context.BootstrapUtils - Instantiating TestContextBootstrapper for test class [com.dpit3.black.springboot.web.PostsApiContollerTest] from class [org.springframework.boot.test.context.SpringBootTestContextBootstrapper]
22:49:53.617 [Test worker] INFO org.springframework.boot.test.context.SpringBootTestContextBootstrapper - Neither @ContextConfiguration nor @ContextHierarchy found for test class [com.dpit3.black.springboot.web.PostsApiContollerTest], using SpringBootContextLoader
22:49:53.619 [Test worker] DEBUG org.springframework.test.context.support.AbstractContextLoader - Did not detect default resource location for test class [com.dpit3.black.springboot.web.PostsApiContollerTest]: class path resource [com/dpit3/black/springboot/web/PostsApiContollerTest-context.xml] does not exist
22:49:53.619 [Test worker] DEBUG org.springframework.test.context.support.AbstractContextLoader - Did not detect default resource location for test class [com.dpit3.black.springboot.web.PostsApiContollerTest]: class path resource [com/dpit3/black/springboot/web/PostsApiContollerTestContext.groovy] does not exist
22:49:53.619 [Test worker] INFO org.springframework.test.context.support.AbstractContextLoader - Could not detect default resource locations for test class [com.dpit3.black.springboot.web.PostsApiContollerTest]: no resource found for suffixes {-context.xml, Context.groovy}.
22:49:53.619 [Test worker] INFO org.springframework.test.context.support.AnnotationConfigContextLoaderUtils - Could not detect default configuration classes for test class [com.dpit3.black.springboot.web.PostsApiContollerTest]: PostsApiContollerTest does not declare any static, non-private, non-final, nested classes annotated with @Configuration.
22:49:53.636 [Test worker] DEBUG org.springframework.test.context.support.ActiveProfilesUtils - Could not find an 'annotation declaring class' for annotation type [org.springframework.test.context.ActiveProfiles] and class [com.dpit3.black.springboot.web.PostsApiContollerTest]
22:49:53.673 [Test worker] DEBUG org.springframework.context.annotation.ClassPathScanningCandidateComponentProvider - Identified candidate component class: file [/Users/black/Desktop/src/study/02.studyData/00.Spring/Spring기초연습/awsSpring/build/classes/java/main/com/dpit3/black/springboot/Application.class]
22:49:53.674 [Test worker] INFO org.springframework.boot.test.context.SpringBootTestContextBootstrapper - Found @SpringBootConfiguration com.dpit3.black.springboot.Application for test class com.dpit3.black.springboot.web.PostsApiContollerTest
22:49:53.709 [Test worker] DEBUG org.springframework.boot.test.context.SpringBootTestContextBootstrapper - @TestExecutionListeners is not present for class [com.dpit3.black.springboot.web.PostsApiContollerTest]: using defaults.
22:49:53.710 [Test worker] INFO org.springframework.boot.test.context.SpringBootTestContextBootstrapper - Loaded default TestExecutionListener class names from location [META-INF/spring.factories]: [org.springframework.boot.test.autoconfigure.restdocs.RestDocsTestExecutionListener, org.springframework.boot.test.autoconfigure.web.client.MockRestServiceServerResetTestExecutionListener, org.springframework.boot.test.autoconfigure.web.servlet.MockMvcPrintOnlyOnFailureTestExecutionListener, org.springframework.boot.test.autoconfigure.web.servlet.WebDriverTestExecutionListener, org.springframework.boot.test.mock.mockito.MockitoTestExecutionListener, org.springframework.boot.test.mock.mockito.ResetMocksTestExecutionListener, org.springframework.test.context.web.ServletTestExecutionListener, org.springframework.test.context.support.DirtiesContextBeforeModesTestExecutionListener, org.springframework.test.context.support.DependencyInjectionTestExecutionListener, org.springframework.test.context.support.DirtiesContextTestExecutionListener, org.springframework.test.context.transaction.TransactionalTestExecutionListener, org.springframework.test.context.jdbc.SqlScriptsTestExecutionListener]
22:49:53.716 [Test worker] INFO org.springframework.boot.test.context.SpringBootTestContextBootstrapper - Using TestExecutionListeners: [org.springframework.test.context.web.ServletTestExecutionListener@667ba736, org.springframework.test.context.support.DirtiesContextBeforeModesTestExecutionListener@1f9c198f, org.springframework.boot.test.mock.mockito.MockitoTestExecutionListener@ad124e2, org.springframework.boot.test.autoconfigure.SpringBootDependencyInjectionTestExecutionListener@1f4e73eb, org.springframework.test.context.support.DirtiesContextTestExecutionListener@24372523, org.springframework.test.context.transaction.TransactionalTestExecutionListener@5b98104b, org.springframework.test.context.jdbc.SqlScriptsTestExecutionListener@586dc9ee, org.springframework.boot.test.autoconfigure.restdocs.RestDocsTestExecutionListener@34d02823, org.springframework.boot.test.autoconfigure.web.client.MockRestServiceServerResetTestExecutionListener@29531da7, org.springframework.boot.test.autoconfigure.web.servlet.MockMvcPrintOnlyOnFailureTestExecutionListener@32524a8e, org.springframework.boot.test.autoconfigure.web.servlet.WebDriverTestExecutionListener@4c6d793, org.springframework.boot.test.mock.mockito.ResetMocksTestExecutionListener@31626618]
22:49:53.718 [Test worker] DEBUG org.springframework.test.annotation.ProfileValueUtils - Retrieved @ProfileValueSourceConfiguration [null] for test class [com.dpit3.black.springboot.web.PostsApiContollerTest]
22:49:53.718 [Test worker] DEBUG org.springframework.test.annotation.ProfileValueUtils - Retrieved ProfileValueSource type [class org.springframework.test.annotation.SystemProfileValueSource] for class [com.dpit3.black.springboot.web.PostsApiContollerTest]
22:49:53.720 [Test worker] DEBUG org.springframework.test.annotation.ProfileValueUtils - Retrieved @ProfileValueSourceConfiguration [null] for test class [com.dpit3.black.springboot.web.PostsApiContollerTest]
22:49:53.720 [Test worker] DEBUG org.springframework.test.annotation.ProfileValueUtils - Retrieved ProfileValueSource type [class org.springframework.test.annotation.SystemProfileValueSource] for class [com.dpit3.black.springboot.web.PostsApiContollerTest]
22:49:53.720 [Test worker] DEBUG org.springframework.test.annotation.ProfileValueUtils - Retrieved @ProfileValueSourceConfiguration [null] for test class [com.dpit3.black.springboot.web.PostsApiContollerTest]
22:49:53.720 [Test worker] DEBUG org.springframework.test.annotation.ProfileValueUtils - Retrieved ProfileValueSource type [class org.springframework.test.annotation.SystemProfileValueSource] for class [com.dpit3.black.springboot.web.PostsApiContollerTest]
22:49:53.722 [Test worker] DEBUG org.springframework.test.context.support.AbstractDirtiesContextTestExecutionListener - Before test class: context [DefaultTestContext@6779ba0 testClass = PostsApiContollerTest, testInstance = [null], testMethod = [null], testException = [null], mergedContextConfiguration = [WebMergedContextConfiguration@3c77f31c testClass = PostsApiContollerTest, locations = '{}', classes = '{class com.dpit3.black.springboot.Application}', contextInitializerClasses = '[]', activeProfiles = '{}', propertySourceLocations = '{}', propertySourceProperties = '{org.springframework.boot.test.context.SpringBootTestContextBootstrapper=true, server.port=0}', contextCustomizers = set[org.springframework.boot.test.autoconfigure.properties.PropertyMappingContextCustomizer@0, org.springframework.boot.test.autoconfigure.web.servlet.WebDriverContextCustomizerFactory$Customizer@53608542, org.springframework.boot.test.context.filter.ExcludeFilterContextCustomizer@3daded19, org.springframework.boot.test.json.DuplicateJsonObjectContextCustomizerFactory$DuplicateJsonObjectContextCustomizer@496f7d9e, org.springframework.boot.test.mock.mockito.MockitoContextCustomizer@0, org.springframework.boot.test.web.client.TestRestTemplateContextCustomizer@43417583], resourceBasePath = 'src/main/webapp', contextLoader = 'org.springframework.boot.test.context.SpringBootContextLoader', parent = [null]], attributes = map['org.springframework.test.context.web.ServletTestExecutionListener.activateListener' -> false]], class annotated with @DirtiesContext [false] with mode [null].
22:49:53.722 [Test worker] DEBUG org.springframework.test.annotation.ProfileValueUtils - Retrieved @ProfileValueSourceConfiguration [null] for test class [com.dpit3.black.springboot.web.PostsApiContollerTest]
22:49:53.722 [Test worker] DEBUG org.springframework.test.annotation.ProfileValueUtils - Retrieved ProfileValueSource type [class org.springframework.test.annotation.SystemProfileValueSource] for class [com.dpit3.black.springboot.web.PostsApiContollerTest]
22:49:53.724 [Test worker] DEBUG org.springframework.test.context.support.DependencyInjectionTestExecutionListener - Performing dependency injection for test context [[DefaultTestContext@6779ba0 testClass = PostsApiContollerTest, testInstance = com.dpit3.black.springboot.web.PostsApiContollerTest@680e4e3b, testMethod = [null], testException = [null], mergedContextConfiguration = [WebMergedContextConfiguration@3c77f31c testClass = PostsApiContollerTest, locations = '{}', classes = '{class com.dpit3.black.springboot.Application}', contextInitializerClasses = '[]', activeProfiles = '{}', propertySourceLocations = '{}', propertySourceProperties = '{org.springframework.boot.test.context.SpringBootTestContextBootstrapper=true, server.port=0}', contextCustomizers = set[org.springframework.boot.test.autoconfigure.properties.PropertyMappingContextCustomizer@0, org.springframework.boot.test.autoconfigure.web.servlet.WebDriverContextCustomizerFactory$Customizer@53608542, org.springframework.boot.test.context.filter.ExcludeFilterContextCustomizer@3daded19, org.springframework.boot.test.json.DuplicateJsonObjectContextCustomizerFactory$DuplicateJsonObjectContextCustomizer@496f7d9e, org.springframework.boot.test.mock.mockito.MockitoContextCustomizer@0, org.springframework.boot.test.web.client.TestRestTemplateContextCustomizer@43417583], resourceBasePath = 'src/main/webapp', contextLoader = 'org.springframework.boot.test.context.SpringBootContextLoader', parent = [null]], attributes = map['org.springframework.test.context.web.ServletTestExecutionListener.activateListener' -> false]]].
22:49:53.731 [Test worker] DEBUG org.springframework.test.context.support.TestPropertySourceUtils - Adding inlined properties to environment: {spring.jmx.enabled=false, org.springframework.boot.test.context.SpringBootTestContextBootstrapper=true, server.port=0}

  .   ____          _            __ _ _
 /\\ / ___'_ __ _ _(_)_ __  __ _ \ \ \ \
( ( )\___ | '_ | '_| | '_ \/ _` | \ \ \ \
 \\/  ___)| |_)| | | | | || (_| |  ) ) ) )
  '  |____| .__|_| |_|_| |_\__, | / / / /
 =========|_|==============|___/=/_/_/_/
 :: Spring Boot ::        (v2.1.7.RELEASE)

2024-03-25 22:49:53.864  INFO 39709 --- [    Test worker] c.d.b.s.web.PostsApiContollerTest        : Starting PostsApiContollerTest on Blackui-MacBookPro-2.local with PID 39709 (started by black in /Users/black/Desktop/src/study/02.studyData/00.Spring/Spring기초연습/awsSpring)
2024-03-25 22:49:53.865  INFO 39709 --- [    Test worker] c.d.b.s.web.PostsApiContollerTest        : No active profile set, falling back to default profiles: default
2024-03-25 22:49:54.129  INFO 39709 --- [    Test worker] .s.d.r.c.RepositoryConfigurationDelegate : Bootstrapping Spring Data repositories in DEFAULT mode.
2024-03-25 22:49:54.161  INFO 39709 --- [    Test worker] .s.d.r.c.RepositoryConfigurationDelegate : Finished Spring Data repository scanning in 27ms. Found 1 repository interfaces.
2024-03-25 22:49:54.341  INFO 39709 --- [    Test worker] trationDelegate$BeanPostProcessorChecker : Bean 'org.springframework.transaction.annotation.ProxyTransactionManagementConfiguration' of type [org.springframework.transaction.annotation.ProxyTransactionManagementConfiguration$$EnhancerBySpringCGLIB$$d0116246] is not eligible for getting processed by all BeanPostProcessors (for example: not eligible for auto-proxying)
2024-03-25 22:49:54.516  INFO 39709 --- [    Test worker] o.s.b.w.embedded.tomcat.TomcatWebServer  : Tomcat initialized with port(s): 0 (http)
2024-03-25 22:49:54.531  INFO 39709 --- [    Test worker] o.apache.catalina.core.StandardService   : Starting service [Tomcat]
2024-03-25 22:49:54.532  INFO 39709 --- [    Test worker] org.apache.catalina.core.StandardEngine  : Starting Servlet engine: [Apache Tomcat/9.0.22]
2024-03-25 22:49:54.596  INFO 39709 --- [    Test worker] o.a.c.c.C.[Tomcat].[localhost].[/]       : Initializing Spring embedded WebApplicationContext
2024-03-25 22:49:54.596  INFO 39709 --- [    Test worker] o.s.web.context.ContextLoader            : Root WebApplicationContext: initialization completed in 724 ms
2024-03-25 22:49:54.694  INFO 39709 --- [    Test worker] com.zaxxer.hikari.HikariDataSource       : HikariPool-1 - Starting...
2024-03-25 22:49:54.781  INFO 39709 --- [    Test worker] com.zaxxer.hikari.HikariDataSource       : HikariPool-1 - Start completed.
2024-03-25 22:49:54.819  INFO 39709 --- [    Test worker] o.hibernate.jpa.internal.util.LogHelper  : HHH000204: Processing PersistenceUnitInfo [
	name: default
	...]
2024-03-25 22:49:54.848  INFO 39709 --- [    Test worker] org.hibernate.Version                    : HHH000412: Hibernate Core {5.3.10.Final}
2024-03-25 22:49:54.848  INFO 39709 --- [    Test worker] org.hibernate.cfg.Environment            : HHH000206: hibernate.properties not found
2024-03-25 22:49:54.913  INFO 39709 --- [    Test worker] o.hibernate.annotations.common.Version   : HCANN000001: Hibernate Commons Annotations {5.0.4.Final}
2024-03-25 22:49:55.022  INFO 39709 --- [    Test worker] org.hibernate.dialect.Dialect            : HHH000400: Using dialect: org.hibernate.dialect.MySQL5InnoDBDialect
Hibernate: drop table if exists posts
Hibernate: create table posts (id bigint not null auto_increment, author varchar(255), content TEXT not null, title varchar(500) not null, primary key (id)) engine=InnoDB
2024-03-25 22:49:55.320  INFO 39709 --- [    Test worker] o.h.t.schema.internal.SchemaCreatorImpl  : HHH000476: Executing import script 'org.hibernate.tool.schema.internal.exec.ScriptSourceInputNonExistentImpl@1fecf764'
2024-03-25 22:49:55.322  INFO 39709 --- [    Test worker] j.LocalContainerEntityManagerFactoryBean : Initialized JPA EntityManagerFactory for persistence unit 'default'
2024-03-25 22:49:55.591  INFO 39709 --- [    Test worker] o.s.s.concurrent.ThreadPoolTaskExecutor  : Initializing ExecutorService 'applicationTaskExecutor'
2024-03-25 22:49:55.615  WARN 39709 --- [    Test worker] aWebConfiguration$JpaWebMvcConfiguration : spring.jpa.open-in-view is enabled by default. Therefore, database queries may be performed during view rendering. Explicitly configure spring.jpa.open-in-view to disable this warning
2024-03-25 22:49:55.741  INFO 39709 --- [    Test worker] o.s.b.w.embedded.tomcat.TomcatWebServer  : Tomcat started on port(s): 59510 (http) with context path ''
2024-03-25 22:49:55.743  INFO 39709 --- [    Test worker] c.d.b.s.web.PostsApiContollerTest        : Started PostsApiContollerTest in 2.009 seconds (JVM running for 2.447)
2024-03-25 22:49:55.846  INFO 39709 --- [o-auto-1-exec-1] o.a.c.c.C.[Tomcat].[localhost].[/]       : Initializing Spring DispatcherServlet 'dispatcherServlet'
2024-03-25 22:49:55.846  INFO 39709 --- [o-auto-1-exec-1] o.s.web.servlet.DispatcherServlet        : Initializing Servlet 'dispatcherServlet'
2024-03-25 22:49:55.855  INFO 39709 --- [o-auto-1-exec-1] o.s.web.servlet.DispatcherServlet        : Completed initialization in 9 ms
Hibernate: insert into posts (author, content, title) values (?, ?, ?)
2024-03-25 22:49:55.975  INFO 39709 --- [    Test worker] o.h.h.i.QueryTranslatorFactoryInitiator  : HHH000397: Using ASTQueryTranslatorFactory
Hibernate: select posts0_.id as id1_0_, posts0_.author as author2_0_, posts0_.content as content3_0_, posts0_.title as title4_0_ from posts posts0_
Hibernate: select posts0_.id as id1_0_, posts0_.author as author2_0_, posts0_.content as content3_0_, posts0_.title as title4_0_ from posts posts0_
Hibernate: delete from posts where id=?
]]></system-out>
  <system-err><![CDATA[]]></system-err>
</testsuite>
