<?xml version="1.0" encoding="UTF-8"?>
<testsuite name="com.dpit3.black.springboot.web.dto.HelloResponseTest" tests="1" skipped="0" failures="0" errors="0" timestamp="2024-04-08T13:53:06" hostname="Blackui-MacBookPro-2.local" time="0.0">
  <properties/>
  <testcase name="롬복_기능_테스트" classname="com.dpit3.black.springboot.web.dto.HelloResponseTest" time="0.0"/>
  <system-out><![CDATA[]]></system-out>
  <system-err><![CDATA[]]></system-err>
</testsuite>
