<?xml version="1.0" encoding="UTF-8"?>
<testsuite name="hello.core.CoreApplicationTests" tests="1" skipped="0" failures="0" errors="0" timestamp="2023-11-02T12:46:16" hostname="Blackui-MacBookPro-2.local" time="0.406">
  <properties/>
  <testcase name="contextLoads()" classname="hello.core.CoreApplicationTests" time="0.406"/>
  <system-out><![CDATA[21:46:16.266 [Test worker] INFO org.springframework.test.context.support.AnnotationConfigContextLoaderUtils -- Could not detect default configuration classes for test class [hello.core.CoreApplicationTests]: CoreApplicationTests does not declare any static, non-private, non-final, nested classes annotated with @Configuration.
21:46:16.310 [Test worker] INFO org.springframework.boot.test.context.SpringBootTestContextBootstrapper -- Found @SpringBootConfiguration hello.core.CoreApplication for test class hello.core.CoreApplicationTests

  .   ____          _            __ _ _
 /\\ / ___'_ __ _ _(_)_ __  __ _ \ \ \ \
( ( )\___ | '_ | '_| | '_ \/ _` | \ \ \ \
 \\/  ___)| |_)| | | | | || (_| |  ) ) ) )
  '  |____| .__|_| |_|_| |_\__, | / / / /
 =========|_|==============|___/=/_/_/_/
 :: Spring Boot ::                (v3.1.5)

2023-11-02T21:46:16.464+09:00  INFO 11226 --- [    Test worker] hello.core.CoreApplicationTests          : Starting CoreApplicationTests using Java 17.0.8 with PID 11226 (started by black in /Users/black/Desktop/src/study/02.studyData/02.JAVA/Java8+/DI관련 공부/_2.spring_java_appConfig_DI_refactoring)
2023-11-02T21:46:16.465+09:00  INFO 11226 --- [    Test worker] hello.core.CoreApplicationTests          : No active profile set, falling back to 1 default profile: "default"
2023-11-02T21:46:16.653+09:00  INFO 11226 --- [    Test worker] hello.core.CoreApplicationTests          : Started CoreApplicationTests in 0.286 seconds (process running for 0.744)
]]></system-out>
  <system-err><![CDATA[]]></system-err>
</testsuite>
