<?xml version="1.0" encoding="UTF-8"?>
<testsuite name="hello.core.discount.RateDiscountPolicyTest" tests="2" skipped="0" failures="0" errors="0" timestamp="2023-11-02T12:46:17" hostname="Blackui-MacBookPro-2.local" time="0.022">
  <properties/>
  <testcase name="VIP는 10%할인이 적용되어야 한다." classname="hello.core.discount.RateDiscountPolicyTest" time="0.021"/>
  <testcase name="VIP는 10%할인이 적용되지 않아야 한다." classname="hello.core.discount.RateDiscountPolicyTest" time="0.0"/>
  <system-out><![CDATA[]]></system-out>
  <system-err><![CDATA[]]></system-err>
</testsuite>
